{"/Users/hemant/Desktop/TypescriptReactNative/App.tsx": {"path":"/Users/hemant/Desktop/TypescriptReactNative/App.tsx","statementMap":{"0":{"start":{"line":17,"column":18},"end":{"line":17,"column":60}},"1":{"start":{"line":19,"column":22},"end":{"line":38,"column":1}},"2":{"start":{"line":20,"column":2},"end":{"line":37,"column":4}}},"fnMap":{"0":{"name":"(anonymous_0)","decl":{"start":{"line":19,"column":22},"end":{"line":19,"column":23}},"loc":{"start":{"line":19,"column":28},"end":{"line":38,"column":1}},"line":19}},"branchMap":{},"s":{"0":1,"1":1,"2":1},"f":{"0":1},"b":{},"_coverageSchema":"1a1c01bbd47fc00a2c39e90264f33305004495a9","hash":"d51a5c8de4a849bc4db3c7b87baf7e60de86e3a1"}
,"/Users/hemant/Desktop/TypescriptReactNative/src/assets/colors/index.js": {"path":"/Users/hemant/Desktop/TypescriptReactNative/src/assets/colors/index.js","statementMap":{"0":{"start":{"line":1,"column":15},"end":{"line":9,"column":1}}},"fnMap":{},"branchMap":{},"s":{"0":4},"f":{},"b":{},"_coverageSchema":"1a1c01bbd47fc00a2c39e90264f33305004495a9","hash":"83efe723e8a3c20dcb83d3da32995816fea2c324"}
,"/Users/hemant/Desktop/TypescriptReactNative/src/assets/images/diamond.png": {"path":"/Users/hemant/Desktop/TypescriptReactNative/src/assets/images/diamond.png","statementMap":{"0":{"start":{"line":1,"column":0},"end":{"line":4,"column":6}}},"fnMap":{},"branchMap":{},"s":{"0":2},"f":{},"b":{},"inputSourceMap":null,"_coverageSchema":"1a1c01bbd47fc00a2c39e90264f33305004495a9","hash":"281c3740ea33b1671c8e77bdd48f630d8792e7db"}
,"/Users/hemant/Desktop/TypescriptReactNative/src/assets/styles/index.ts": {"path":"/Users/hemant/Desktop/TypescriptReactNative/src/assets/styles/index.ts","statementMap":{"0":{"start":{"line":3,"column":21},"end":{"line":7,"column":2}}},"fnMap":{},"branchMap":{},"s":{"0":4},"f":{},"b":{},"_coverageSchema":"1a1c01bbd47fc00a2c39e90264f33305004495a9","hash":"d07d30c02e0ff28c8791e5c783150f9ce69972e9"}
,"/Users/hemant/Desktop/TypescriptReactNative/src/components/DefaultButton/index.tsx": {"path":"/Users/hemant/Desktop/TypescriptReactNative/src/components/DefaultButton/index.tsx","statementMap":{"0":{"start":{"line":13,"column":52},"end":{"line":27,"column":1}},"1":{"start":{"line":20,"column":2},"end":{"line":26,"column":4}}},"fnMap":{"0":{"name":"(anonymous_0)","decl":{"start":{"line":13,"column":52},"end":{"line":13,"column":53}},"loc":{"start":{"line":19,"column":6},"end":{"line":27,"column":1}},"line":19}},"branchMap":{},"s":{"0":4,"1":7},"f":{"0":7},"b":{},"_coverageSchema":"1a1c01bbd47fc00a2c39e90264f33305004495a9","hash":"8246c42830a4d552012f1775c9400808b2fea517"}
,"/Users/hemant/Desktop/TypescriptReactNative/src/components/DefaultButton/styles.ts": {"path":"/Users/hemant/Desktop/TypescriptReactNative/src/components/DefaultButton/styles.ts","statementMap":{},"fnMap":{},"branchMap":{},"s":{},"f":{},"b":{},"_coverageSchema":"1a1c01bbd47fc00a2c39e90264f33305004495a9","hash":"b5fed973bdcca250a4c0cdeec61717136678c20b"}
,"/Users/hemant/Desktop/TypescriptReactNative/src/components/DefaultTextInput/index.tsx": {"path":"/Users/hemant/Desktop/TypescriptReactNative/src/components/DefaultTextInput/index.tsx","statementMap":{"0":{"start":{"line":14,"column":58},"end":{"line":31,"column":1}},"1":{"start":{"line":15,"column":23},"end":{"line":17,"column":3}},"2":{"start":{"line":16,"column":4},"end":{"line":16,"column":29}},"3":{"start":{"line":18,"column":2},"end":{"line":30,"column":4}},"4":{"start":{"line":27,"column":8},"end":{"line":27,"column":27}},"5":{"start":{"line":33,"column":0},"end":{"line":35,"column":2}}},"fnMap":{"0":{"name":"(anonymous_0)","decl":{"start":{"line":14,"column":58},"end":{"line":14,"column":59}},"loc":{"start":{"line":14,"column":69},"end":{"line":31,"column":1}},"line":14},"1":{"name":"(anonymous_1)","decl":{"start":{"line":15,"column":23},"end":{"line":15,"column":24}},"loc":{"start":{"line":15,"column":41},"end":{"line":17,"column":3}},"line":15},"2":{"name":"(anonymous_2)","decl":{"start":{"line":26,"column":20},"end":{"line":26,"column":21}},"loc":{"start":{"line":26,"column":38},"end":{"line":28,"column":7}},"line":26}},"branchMap":{},"s":{"0":3,"1":4,"2":3,"3":4,"4":3,"5":3},"f":{"0":4,"1":3,"2":3},"b":{},"_coverageSchema":"1a1c01bbd47fc00a2c39e90264f33305004495a9","hash":"a23c3eb45dd0157964dacf267f6a72a0123b072a"}
,"/Users/hemant/Desktop/TypescriptReactNative/src/components/DefaultTextInput/styles.ts": {"path":"/Users/hemant/Desktop/TypescriptReactNative/src/components/DefaultTextInput/styles.ts","statementMap":{},"fnMap":{},"branchMap":{},"s":{},"f":{},"b":{},"_coverageSchema":"1a1c01bbd47fc00a2c39e90264f33305004495a9","hash":"dc53de3c61ee22cc39455f0cc04399bbccfb8b36"}
,"/Users/hemant/Desktop/TypescriptReactNative/src/components/ScreenTitle/index.tsx": {"path":"/Users/hemant/Desktop/TypescriptReactNative/src/components/ScreenTitle/index.tsx","statementMap":{"0":{"start":{"line":10,"column":48},"end":{"line":16,"column":1}},"1":{"start":{"line":11,"column":2},"end":{"line":15,"column":4}}},"fnMap":{"0":{"name":"(anonymous_0)","decl":{"start":{"line":10,"column":48},"end":{"line":10,"column":49}},"loc":{"start":{"line":10,"column":59},"end":{"line":16,"column":1}},"line":10}},"branchMap":{},"s":{"0":5,"1":6},"f":{"0":6},"b":{},"_coverageSchema":"1a1c01bbd47fc00a2c39e90264f33305004495a9","hash":"637f6850d02d1da906971aa4e47fa25dbba3d5c1"}
,"/Users/hemant/Desktop/TypescriptReactNative/src/components/ScreenTitle/styles.ts": {"path":"/Users/hemant/Desktop/TypescriptReactNative/src/components/ScreenTitle/styles.ts","statementMap":{},"fnMap":{},"branchMap":{},"s":{},"f":{},"b":{},"_coverageSchema":"1a1c01bbd47fc00a2c39e90264f33305004495a9","hash":"a92159f40ec4399ad205ed8db8c710a31925964e"}
,"/Users/hemant/Desktop/TypescriptReactNative/src/constants/index.js": {"path":"/Users/hemant/Desktop/TypescriptReactNative/src/constants/index.js","statementMap":{"0":{"start":{"line":3,"column":23},"end":{"line":6,"column":1}},"1":{"start":{"line":7,"column":23},"end":{"line":10,"column":1}},"2":{"start":{"line":12,"column":31},"end":{"line":14,"column":1}},"3":{"start":{"line":15,"column":28},"end":{"line":17,"column":1}},"4":{"start":{"line":19,"column":26},"end":{"line":22,"column":1}}},"fnMap":{},"branchMap":{},"s":{"0":3,"1":3,"2":3,"3":3,"4":3},"f":{},"b":{},"_coverageSchema":"1a1c01bbd47fc00a2c39e90264f33305004495a9","hash":"850aa93e0a867a0856e068777f62e6f4a026d3fc"}
,"/Users/hemant/Desktop/TypescriptReactNative/src/reducers/index.ts": {"path":"/Users/hemant/Desktop/TypescriptReactNative/src/reducers/index.ts","statementMap":{"0":{"start":{"line":12,"column":19},"end":{"line":14,"column":9}},"1":{"start":{"line":18,"column":52},"end":{"line":18,"column":77}}},"fnMap":{"0":{"name":"(anonymous_0)","decl":{"start":{"line":18,"column":15},"end":{"line":18,"column":16}},"loc":{"start":{"line":18,"column":52},"end":{"line":18,"column":77}},"line":18}},"branchMap":{},"s":{"0":4,"1":5},"f":{"0":5},"b":{},"_coverageSchema":"1a1c01bbd47fc00a2c39e90264f33305004495a9","hash":"ae861394249e0bd69d025a4ffdc08bfb42d5c767"}
,"/Users/hemant/Desktop/TypescriptReactNative/src/screens/ButtonVariation/index.tsx": {"path":"/Users/hemant/Desktop/TypescriptReactNative/src/screens/ButtonVariation/index.tsx","statementMap":{"0":{"start":{"line":16,"column":18},"end":{"line":16,"column":74}},"1":{"start":{"line":16,"column":24},"end":{"line":16,"column":74}},"2":{"start":{"line":28,"column":56},"end":{"line":71,"column":1}},"3":{"start":{"line":29,"column":15},"end":{"line":29,"column":72}},"4":{"start":{"line":29,"column":49},"end":{"line":29,"column":71}},"5":{"start":{"line":31,"column":28},"end":{"line":33,"column":3}},"6":{"start":{"line":32,"column":4},"end":{"line":32,"column":36}},"7":{"start":{"line":34,"column":2},"end":{"line":70,"column":4}},"8":{"start":{"line":66,"column":32},"end":{"line":66,"column":51}}},"fnMap":{"0":{"name":"(anonymous_0)","decl":{"start":{"line":16,"column":18},"end":{"line":16,"column":19}},"loc":{"start":{"line":16,"column":24},"end":{"line":16,"column":74}},"line":16},"1":{"name":"(anonymous_1)","decl":{"start":{"line":28,"column":56},"end":{"line":28,"column":57}},"loc":{"start":{"line":28,"column":74},"end":{"line":71,"column":1}},"line":28},"2":{"name":"(anonymous_2)","decl":{"start":{"line":29,"column":27},"end":{"line":29,"column":28}},"loc":{"start":{"line":29,"column":49},"end":{"line":29,"column":71}},"line":29},"3":{"name":"(anonymous_3)","decl":{"start":{"line":31,"column":28},"end":{"line":31,"column":29}},"loc":{"start":{"line":31,"column":34},"end":{"line":33,"column":3}},"line":31},"4":{"name":"(anonymous_4)","decl":{"start":{"line":66,"column":26},"end":{"line":66,"column":27}},"loc":{"start":{"line":66,"column":32},"end":{"line":66,"column":51}},"line":66}},"branchMap":{},"s":{"0":2,"1":0,"2":2,"3":1,"4":2,"5":1,"6":0,"7":1,"8":0},"f":{"0":0,"1":1,"2":2,"3":0,"4":0},"b":{},"_coverageSchema":"1a1c01bbd47fc00a2c39e90264f33305004495a9","hash":"b95bdcc7a1f2175c9cd38e932a8d46b6056fc2c8"}
,"/Users/hemant/Desktop/TypescriptReactNative/src/screens/ButtonVariation/styles.ts": {"path":"/Users/hemant/Desktop/TypescriptReactNative/src/screens/ButtonVariation/styles.ts","statementMap":{},"fnMap":{},"branchMap":{},"s":{},"f":{},"b":{},"_coverageSchema":"1a1c01bbd47fc00a2c39e90264f33305004495a9","hash":"bf043857d61baea7ea98c8781e127e11017b6125"}
,"/Users/hemant/Desktop/TypescriptReactNative/src/screens/Details/index.tsx": {"path":"/Users/hemant/Desktop/TypescriptReactNative/src/screens/Details/index.tsx","statementMap":{"0":{"start":{"line":8,"column":26},"end":{"line":17,"column":1}},"1":{"start":{"line":9,"column":15},"end":{"line":9,"column":72}},"2":{"start":{"line":9,"column":49},"end":{"line":9,"column":71}},"3":{"start":{"line":11,"column":2},"end":{"line":16,"column":4}}},"fnMap":{"0":{"name":"(anonymous_0)","decl":{"start":{"line":8,"column":26},"end":{"line":8,"column":27}},"loc":{"start":{"line":8,"column":32},"end":{"line":17,"column":1}},"line":8},"1":{"name":"(anonymous_1)","decl":{"start":{"line":9,"column":27},"end":{"line":9,"column":28}},"loc":{"start":{"line":9,"column":49},"end":{"line":9,"column":71}},"line":9}},"branchMap":{},"s":{"0":2,"1":1,"2":2,"3":1},"f":{"0":1,"1":2},"b":{},"_coverageSchema":"1a1c01bbd47fc00a2c39e90264f33305004495a9","hash":"1a08724dbf51c5de16f01776851767f37bd7c905"}
,"/Users/hemant/Desktop/TypescriptReactNative/src/screens/Details/styles.ts": {"path":"/Users/hemant/Desktop/TypescriptReactNative/src/screens/Details/styles.ts","statementMap":{},"fnMap":{},"branchMap":{},"s":{},"f":{},"b":{},"_coverageSchema":"1a1c01bbd47fc00a2c39e90264f33305004495a9","hash":"42d014769a3be1faa3a6c87330d110c68e5c338c"}
,"/Users/hemant/Desktop/TypescriptReactNative/src/screens/Welcome/actions.ts": {"path":"/Users/hemant/Desktop/TypescriptReactNative/src/screens/Welcome/actions.ts","statementMap":{"0":{"start":{"line":16,"column":2},"end":{"line":19,"column":4}}},"fnMap":{"0":{"name":"saveUserDetails","decl":{"start":{"line":15,"column":16},"end":{"line":15,"column":31}},"loc":{"start":{"line":15,"column":61},"end":{"line":20,"column":1}},"line":15}},"branchMap":{},"s":{"0":2},"f":{"0":2},"b":{},"_coverageSchema":"1a1c01bbd47fc00a2c39e90264f33305004495a9","hash":"c49f2b2964155afdfb35a37e70419e95a99c776e"}
,"/Users/hemant/Desktop/TypescriptReactNative/src/screens/Welcome/constants.ts": {"path":"/Users/hemant/Desktop/TypescriptReactNative/src/screens/Welcome/constants.ts","statementMap":{"0":{"start":{"line":6,"column":27},"end":{"line":8,"column":1}}},"fnMap":{},"branchMap":{},"s":{"0":5},"f":{},"b":{},"_coverageSchema":"1a1c01bbd47fc00a2c39e90264f33305004495a9","hash":"e70b1e76c48ef084964eda616ea7d3047723cb1b"}
,"/Users/hemant/Desktop/TypescriptReactNative/src/screens/Welcome/index.tsx": {"path":"/Users/hemant/Desktop/TypescriptReactNative/src/screens/Welcome/index.tsx","statementMap":{"0":{"start":{"line":13,"column":26},"end":{"line":13,"column":39}},"1":{"start":{"line":15,"column":22},"end":{"line":18,"column":1}},"2":{"start":{"line":16,"column":18},"end":{"line":16,"column":59}},"3":{"start":{"line":17,"column":2},"end":{"line":17,"column":23}},"4":{"start":{"line":30,"column":40},"end":{"line":69,"column":1}},"5":{"start":{"line":31,"column":34},"end":{"line":31,"column":46}},"6":{"start":{"line":33,"column":19},"end":{"line":33,"column":32}},"7":{"start":{"line":35,"column":2},"end":{"line":37,"column":9}},"8":{"start":{"line":36,"column":4},"end":{"line":36,"column":20}},"9":{"start":{"line":39,"column":26},"end":{"line":47,"column":3}},"10":{"start":{"line":40,"column":4},"end":{"line":46,"column":5}},"11":{"start":{"line":41,"column":19},"end":{"line":41,"column":35}},"12":{"start":{"line":42,"column":6},"end":{"line":42,"column":38}},"13":{"start":{"line":43,"column":6},"end":{"line":43,"column":47}},"14":{"start":{"line":45,"column":6},"end":{"line":45,"column":63}},"15":{"start":{"line":49,"column":2},"end":{"line":68,"column":4}},"16":{"start":{"line":58,"column":35},"end":{"line":58,"column":53}},"17":{"start":{"line":64,"column":25},"end":{"line":64,"column":42}}},"fnMap":{"0":{"name":"(anonymous_0)","decl":{"start":{"line":15,"column":22},"end":{"line":15,"column":23}},"loc":{"start":{"line":15,"column":34},"end":{"line":18,"column":1}},"line":15},"1":{"name":"(anonymous_1)","decl":{"start":{"line":30,"column":40},"end":{"line":30,"column":41}},"loc":{"start":{"line":30,"column":58},"end":{"line":69,"column":1}},"line":30},"2":{"name":"(anonymous_2)","decl":{"start":{"line":35,"column":12},"end":{"line":35,"column":13}},"loc":{"start":{"line":35,"column":18},"end":{"line":37,"column":3}},"line":35},"3":{"name":"(anonymous_3)","decl":{"start":{"line":39,"column":26},"end":{"line":39,"column":27}},"loc":{"start":{"line":39,"column":32},"end":{"line":47,"column":3}},"line":39},"4":{"name":"(anonymous_4)","decl":{"start":{"line":58,"column":24},"end":{"line":58,"column":25}},"loc":{"start":{"line":58,"column":35},"end":{"line":58,"column":53}},"line":58},"5":{"name":"(anonymous_5)","decl":{"start":{"line":64,"column":19},"end":{"line":64,"column":20}},"loc":{"start":{"line":64,"column":25},"end":{"line":64,"column":42}},"line":64}},"branchMap":{"0":{"loc":{"start":{"line":40,"column":4},"end":{"line":46,"column":5}},"type":"if","locations":[{"start":{"line":40,"column":4},"end":{"line":46,"column":5}},{"start":{"line":40,"column":4},"end":{"line":46,"column":5}}],"line":40}},"s":{"0":2,"1":2,"2":2,"3":0,"4":2,"5":3,"6":3,"7":3,"8":2,"9":3,"10":2,"11":1,"12":1,"13":1,"14":1,"15":3,"16":2,"17":2},"f":{"0":2,"1":3,"2":2,"3":2,"4":2,"5":2},"b":{"0":[1,1]},"_coverageSchema":"1a1c01bbd47fc00a2c39e90264f33305004495a9","hash":"9b23a0a3a7f9cbb40bfde4f6cf896c3b3464f99d"}
,"/Users/hemant/Desktop/TypescriptReactNative/src/screens/Welcome/reducer.ts": {"path":"/Users/hemant/Desktop/TypescriptReactNative/src/screens/Welcome/reducer.ts","statementMap":{"0":{"start":{"line":15,"column":32},"end":{"line":17,"column":1}},"1":{"start":{"line":20,"column":20},"end":{"line":32,"column":1}},"2":{"start":{"line":21,"column":2},"end":{"line":31,"column":3}},"3":{"start":{"line":23,"column":6},"end":{"line":26,"column":8}},"4":{"start":{"line":29,"column":6},"end":{"line":29,"column":19}}},"fnMap":{"0":{"name":"(anonymous_0)","decl":{"start":{"line":20,"column":20},"end":{"line":20,"column":21}},"loc":{"start":{"line":20,"column":71},"end":{"line":32,"column":1}},"line":20}},"branchMap":{"0":{"loc":{"start":{"line":20,"column":21},"end":{"line":20,"column":41}},"type":"default-arg","locations":[{"start":{"line":20,"column":29},"end":{"line":20,"column":41}}],"line":20},"1":{"loc":{"start":{"line":21,"column":2},"end":{"line":31,"column":3}},"type":"switch","locations":[{"start":{"line":22,"column":4},"end":{"line":26,"column":8}},{"start":{"line":28,"column":4},"end":{"line":30,"column":5}}],"line":21}},"s":{"0":4,"1":4,"2":13,"3":1,"4":12},"f":{"0":13},"b":{"0":[12],"1":[1,12]},"_coverageSchema":"1a1c01bbd47fc00a2c39e90264f33305004495a9","hash":"02d9d111fa16cd9a785fa33be2f724e248543075"}
,"/Users/hemant/Desktop/TypescriptReactNative/src/screens/Welcome/styles.ts": {"path":"/Users/hemant/Desktop/TypescriptReactNative/src/screens/Welcome/styles.ts","statementMap":{},"fnMap":{},"branchMap":{},"s":{},"f":{},"b":{},"_coverageSchema":"1a1c01bbd47fc00a2c39e90264f33305004495a9","hash":"b60fdf666682597cc63cd9b7db00a7d0b5597ce3"}
,"/Users/hemant/Desktop/TypescriptReactNative/src/store/configure-store.ts": {"path":"/Users/hemant/Desktop/TypescriptReactNative/src/store/configure-store.ts","statementMap":{"0":{"start":{"line":7,"column":14},"end":{"line":7,"column":70}}},"fnMap":{},"branchMap":{},"s":{"0":4},"f":{},"b":{},"_coverageSchema":"1a1c01bbd47fc00a2c39e90264f33305004495a9","hash":"53c5063bbaf321b16b041a55853b66e02067206c"}
}
