{"/Users/hemant/Desktop/TypescriptReactNative/App.tsx": {"path":"/Users/hemant/Desktop/TypescriptReactNative/App.tsx","statementMap":{"0":{"start":{"line":6,"column":0},"end":{"line":6,"column":16}},"1":{"start":{"line":7,"column":14},"end":{"line":7,"column":42}},"2":{"start":{"line":16,"column":26},"end":{"line":19,"column":1}},"3":{"start":{"line":20,"column":12},"end":{"line":36,"column":1}},"4":{"start":{"line":21,"column":2},"end":{"line":35,"column":4}}},"fnMap":{"0":{"name":"(anonymous_0)","decl":{"start":{"line":20,"column":12},"end":{"line":20,"column":13}},"loc":{"start":{"line":20,"column":33},"end":{"line":36,"column":1}},"line":20}},"branchMap":{},"s":{"0":1,"1":1,"2":1,"3":1,"4":1},"f":{"0":1},"b":{},"_coverageSchema":"1a1c01bbd47fc00a2c39e90264f33305004495a9","hash":"fa749a5945afac04133eb4546a5885e68086f1bb"}
,"/Users/hemant/Desktop/TypescriptReactNative/src/assets/colors/index.js": {"path":"/Users/hemant/Desktop/TypescriptReactNative/src/assets/colors/index.js","statementMap":{"0":{"start":{"line":1,"column":22},"end":{"line":9,"column":1}}},"fnMap":{},"branchMap":{},"s":{"0":4},"f":{},"b":{},"_coverageSchema":"1a1c01bbd47fc00a2c39e90264f33305004495a9","hash":"9fda1cd5e1991d5e7031ba0bc27693d750e7dcd6"}
,"/Users/hemant/Desktop/TypescriptReactNative/src/assets/images/diamond1.png": {"path":"/Users/hemant/Desktop/TypescriptReactNative/src/assets/images/diamond1.png","statementMap":{"0":{"start":{"line":1,"column":0},"end":{"line":4,"column":6}}},"fnMap":{},"branchMap":{},"s":{"0":2},"f":{},"b":{},"inputSourceMap":null,"_coverageSchema":"1a1c01bbd47fc00a2c39e90264f33305004495a9","hash":"09d11d982dc72eae567f5406c9f3f8ed56bcd07e"}
,"/Users/hemant/Desktop/TypescriptReactNative/src/components/DefaultButton/index.tsx": {"path":"/Users/hemant/Desktop/TypescriptReactNative/src/components/DefaultButton/index.tsx","statementMap":{"0":{"start":{"line":13,"column":22},"end":{"line":40,"column":1}},"1":{"start":{"line":15,"column":25},"end":{"line":15,"column":41}},"2":{"start":{"line":16,"column":2},"end":{"line":30,"column":3}},"3":{"start":{"line":18,"column":6},"end":{"line":18,"column":35}},"4":{"start":{"line":19,"column":6},"end":{"line":19,"column":38}},"5":{"start":{"line":20,"column":6},"end":{"line":20,"column":12}},"6":{"start":{"line":22,"column":6},"end":{"line":22,"column":37}},"7":{"start":{"line":23,"column":6},"end":{"line":23,"column":12}},"8":{"start":{"line":25,"column":6},"end":{"line":25,"column":33}},"9":{"start":{"line":26,"column":6},"end":{"line":26,"column":12}},"10":{"start":{"line":28,"column":6},"end":{"line":28,"column":35}},"11":{"start":{"line":29,"column":6},"end":{"line":29,"column":12}},"12":{"start":{"line":31,"column":2},"end":{"line":39,"column":4}},"13":{"start":{"line":42,"column":0},"end":{"line":45,"column":2}}},"fnMap":{"0":{"name":"(anonymous_0)","decl":{"start":{"line":13,"column":22},"end":{"line":13,"column":23}},"loc":{"start":{"line":13,"column":53},"end":{"line":40,"column":1}},"line":13}},"branchMap":{"0":{"loc":{"start":{"line":16,"column":2},"end":{"line":30,"column":3}},"type":"switch","locations":[{"start":{"line":17,"column":4},"end":{"line":20,"column":12}},{"start":{"line":21,"column":4},"end":{"line":23,"column":12}},{"start":{"line":24,"column":4},"end":{"line":26,"column":12}},{"start":{"line":27,"column":4},"end":{"line":29,"column":12}}],"line":16}},"s":{"0":4,"1":3,"2":3,"3":3,"4":3,"5":3,"6":0,"7":0,"8":0,"9":0,"10":0,"11":0,"12":3,"13":4},"f":{"0":3},"b":{"0":[3,0,0,0]},"_coverageSchema":"1a1c01bbd47fc00a2c39e90264f33305004495a9","hash":"1a1ff6601ac82f5d9e0b64426a383a0a55dd33c6"}
,"/Users/hemant/Desktop/TypescriptReactNative/src/components/DefaultButton/styles.ts": {"path":"/Users/hemant/Desktop/TypescriptReactNative/src/components/DefaultButton/styles.ts","statementMap":{},"fnMap":{},"branchMap":{},"s":{},"f":{},"b":{},"_coverageSchema":"1a1c01bbd47fc00a2c39e90264f33305004495a9","hash":"b5fed973bdcca250a4c0cdeec61717136678c20b"}
,"/Users/hemant/Desktop/TypescriptReactNative/src/components/DefaultTextInput/index.tsx": {"path":"/Users/hemant/Desktop/TypescriptReactNative/src/components/DefaultTextInput/index.tsx","statementMap":{"0":{"start":{"line":12,"column":25},"end":{"line":24,"column":1}},"1":{"start":{"line":13,"column":2},"end":{"line":23,"column":4}},"2":{"start":{"line":20,"column":8},"end":{"line":20,"column":33}}},"fnMap":{"0":{"name":"(anonymous_0)","decl":{"start":{"line":12,"column":25},"end":{"line":12,"column":26}},"loc":{"start":{"line":12,"column":59},"end":{"line":24,"column":1}},"line":12},"1":{"name":"(anonymous_1)","decl":{"start":{"line":19,"column":20},"end":{"line":19,"column":21}},"loc":{"start":{"line":19,"column":38},"end":{"line":21,"column":7}},"line":19}},"branchMap":{},"s":{"0":3,"1":3,"2":0},"f":{"0":3,"1":0},"b":{},"_coverageSchema":"1a1c01bbd47fc00a2c39e90264f33305004495a9","hash":"54bf69c6eb737218122974b2e7c9b569cdca99ca"}
,"/Users/hemant/Desktop/TypescriptReactNative/src/components/DefaultTextInput/styles.ts": {"path":"/Users/hemant/Desktop/TypescriptReactNative/src/components/DefaultTextInput/styles.ts","statementMap":{},"fnMap":{},"branchMap":{},"s":{},"f":{},"b":{},"_coverageSchema":"1a1c01bbd47fc00a2c39e90264f33305004495a9","hash":"dc53de3c61ee22cc39455f0cc04399bbccfb8b36"}
,"/Users/hemant/Desktop/TypescriptReactNative/src/components/ScreenTitle/index.tsx": {"path":"/Users/hemant/Desktop/TypescriptReactNative/src/components/ScreenTitle/index.tsx","statementMap":{"0":{"start":{"line":9,"column":20},"end":{"line":11,"column":1}},"1":{"start":{"line":10,"column":2},"end":{"line":10,"column":78}}},"fnMap":{"0":{"name":"(anonymous_0)","decl":{"start":{"line":9,"column":20},"end":{"line":9,"column":21}},"loc":{"start":{"line":9,"column":49},"end":{"line":11,"column":1}},"line":9}},"branchMap":{},"s":{"0":5,"1":4},"f":{"0":4},"b":{},"_coverageSchema":"1a1c01bbd47fc00a2c39e90264f33305004495a9","hash":"4de0d41c7a07b68a35cb5c9495adad8fa5ba8002"}
,"/Users/hemant/Desktop/TypescriptReactNative/src/components/ScreenTitle/styles.ts": {"path":"/Users/hemant/Desktop/TypescriptReactNative/src/components/ScreenTitle/styles.ts","statementMap":{},"fnMap":{},"branchMap":{},"s":{},"f":{},"b":{},"_coverageSchema":"1a1c01bbd47fc00a2c39e90264f33305004495a9","hash":"a92159f40ec4399ad205ed8db8c710a31925964e"}
,"/Users/hemant/Desktop/TypescriptReactNative/src/constants/index.js": {"path":"/Users/hemant/Desktop/TypescriptReactNative/src/constants/index.js","statementMap":{"0":{"start":{"line":1,"column":23},"end":{"line":4,"column":1}},"1":{"start":{"line":5,"column":23},"end":{"line":8,"column":1}},"2":{"start":{"line":10,"column":31},"end":{"line":12,"column":1}},"3":{"start":{"line":13,"column":28},"end":{"line":15,"column":1}}},"fnMap":{},"branchMap":{},"s":{"0":3,"1":3,"2":3,"3":3},"f":{},"b":{},"_coverageSchema":"1a1c01bbd47fc00a2c39e90264f33305004495a9","hash":"a0a0f1f85bc32346e659d60c13edb275bc03d34e"}
,"/Users/hemant/Desktop/TypescriptReactNative/src/enums/index.ts": {"path":"/Users/hemant/Desktop/TypescriptReactNative/src/enums/index.ts","statementMap":{"0":{"start":{"line":1,"column":36},"end":{"line":6,"column":1}}},"fnMap":{},"branchMap":{},"s":{"0":4},"f":{},"b":{},"_coverageSchema":"1a1c01bbd47fc00a2c39e90264f33305004495a9","hash":"cc1b545d1fcdb2581743aba4e32dffe19691dbd6"}
,"/Users/hemant/Desktop/TypescriptReactNative/src/reducers/index.ts": {"path":"/Users/hemant/Desktop/TypescriptReactNative/src/reducers/index.ts","statementMap":{"0":{"start":{"line":12,"column":19},"end":{"line":14,"column":2}},"1":{"start":{"line":18,"column":50},"end":{"line":18,"column":75}}},"fnMap":{"0":{"name":"(anonymous_0)","decl":{"start":{"line":18,"column":15},"end":{"line":18,"column":16}},"loc":{"start":{"line":18,"column":50},"end":{"line":18,"column":75}},"line":18}},"branchMap":{},"s":{"0":3,"1":3},"f":{"0":3},"b":{},"_coverageSchema":"1a1c01bbd47fc00a2c39e90264f33305004495a9","hash":"ff0b797661c10672bee8551b10af42a8e56747b6"}
,"/Users/hemant/Desktop/TypescriptReactNative/src/screens/ButtonVariation/index.tsx": {"path":"/Users/hemant/Desktop/TypescriptReactNative/src/screens/ButtonVariation/index.tsx","statementMap":{"0":{"start":{"line":17,"column":20},"end":{"line":17,"column":63}},"1":{"start":{"line":19,"column":18},"end":{"line":19,"column":74}},"2":{"start":{"line":19,"column":24},"end":{"line":19,"column":74}},"3":{"start":{"line":21,"column":24},"end":{"line":62,"column":1}},"4":{"start":{"line":22,"column":15},"end":{"line":22,"column":72}},"5":{"start":{"line":22,"column":49},"end":{"line":22,"column":71}},"6":{"start":{"line":23,"column":28},"end":{"line":25,"column":3}},"7":{"start":{"line":24,"column":4},"end":{"line":24,"column":48}},"8":{"start":{"line":26,"column":2},"end":{"line":61,"column":4}},"9":{"start":{"line":55,"column":30},"end":{"line":55,"column":58}},"10":{"start":{"line":56,"column":29},"end":{"line":56,"column":60}},"11":{"start":{"line":57,"column":32},"end":{"line":57,"column":51}}},"fnMap":{"0":{"name":"(anonymous_0)","decl":{"start":{"line":19,"column":18},"end":{"line":19,"column":19}},"loc":{"start":{"line":19,"column":24},"end":{"line":19,"column":74}},"line":19},"1":{"name":"(anonymous_1)","decl":{"start":{"line":21,"column":24},"end":{"line":21,"column":25}},"loc":{"start":{"line":21,"column":57},"end":{"line":62,"column":1}},"line":21},"2":{"name":"(anonymous_2)","decl":{"start":{"line":22,"column":27},"end":{"line":22,"column":28}},"loc":{"start":{"line":22,"column":49},"end":{"line":22,"column":71}},"line":22},"3":{"name":"(anonymous_3)","decl":{"start":{"line":23,"column":28},"end":{"line":23,"column":29}},"loc":{"start":{"line":23,"column":34},"end":{"line":25,"column":3}},"line":23},"4":{"name":"(anonymous_4)","decl":{"start":{"line":55,"column":24},"end":{"line":55,"column":25}},"loc":{"start":{"line":55,"column":30},"end":{"line":55,"column":58}},"line":55},"5":{"name":"(anonymous_5)","decl":{"start":{"line":56,"column":23},"end":{"line":56,"column":24}},"loc":{"start":{"line":56,"column":29},"end":{"line":56,"column":60}},"line":56},"6":{"name":"(anonymous_6)","decl":{"start":{"line":57,"column":26},"end":{"line":57,"column":27}},"loc":{"start":{"line":57,"column":32},"end":{"line":57,"column":51}},"line":57}},"branchMap":{},"s":{"0":2,"1":2,"2":0,"3":2,"4":1,"5":0,"6":0,"7":0,"8":0,"9":0,"10":0,"11":0},"f":{"0":0,"1":1,"2":0,"3":0,"4":0,"5":0,"6":0},"b":{},"_coverageSchema":"1a1c01bbd47fc00a2c39e90264f33305004495a9","hash":"1a7a791366c57bc1c2f69244ca4435e2d07cb450"}
,"/Users/hemant/Desktop/TypescriptReactNative/src/screens/ButtonVariation/styles.ts": {"path":"/Users/hemant/Desktop/TypescriptReactNative/src/screens/ButtonVariation/styles.ts","statementMap":{},"fnMap":{},"branchMap":{},"s":{},"f":{},"b":{},"_coverageSchema":"1a1c01bbd47fc00a2c39e90264f33305004495a9","hash":"bf043857d61baea7ea98c8781e127e11017b6125"}
,"/Users/hemant/Desktop/TypescriptReactNative/src/screens/Details/index.tsx": {"path":"/Users/hemant/Desktop/TypescriptReactNative/src/screens/Details/index.tsx","statementMap":{"0":{"start":{"line":8,"column":16},"end":{"line":17,"column":1}},"1":{"start":{"line":9,"column":15},"end":{"line":9,"column":72}},"2":{"start":{"line":9,"column":49},"end":{"line":9,"column":71}},"3":{"start":{"line":11,"column":2},"end":{"line":16,"column":4}}},"fnMap":{"0":{"name":"(anonymous_0)","decl":{"start":{"line":8,"column":16},"end":{"line":8,"column":17}},"loc":{"start":{"line":8,"column":22},"end":{"line":17,"column":1}},"line":8},"1":{"name":"(anonymous_1)","decl":{"start":{"line":9,"column":27},"end":{"line":9,"column":28}},"loc":{"start":{"line":9,"column":49},"end":{"line":9,"column":71}},"line":9}},"branchMap":{},"s":{"0":2,"1":1,"2":2,"3":1},"f":{"0":1,"1":2},"b":{},"_coverageSchema":"1a1c01bbd47fc00a2c39e90264f33305004495a9","hash":"5e8d7ac7e05a2203350a62e8d57e88103a6d57fc"}
,"/Users/hemant/Desktop/TypescriptReactNative/src/screens/Details/styles.ts": {"path":"/Users/hemant/Desktop/TypescriptReactNative/src/screens/Details/styles.ts","statementMap":{},"fnMap":{},"branchMap":{},"s":{},"f":{},"b":{},"_coverageSchema":"1a1c01bbd47fc00a2c39e90264f33305004495a9","hash":"42d014769a3be1faa3a6c87330d110c68e5c338c"}
,"/Users/hemant/Desktop/TypescriptReactNative/src/screens/Welcome/actions.ts": {"path":"/Users/hemant/Desktop/TypescriptReactNative/src/screens/Welcome/actions.ts","statementMap":{"0":{"start":{"line":16,"column":2},"end":{"line":19,"column":4}}},"fnMap":{"0":{"name":"saveUserDetails","decl":{"start":{"line":15,"column":16},"end":{"line":15,"column":31}},"loc":{"start":{"line":15,"column":61},"end":{"line":20,"column":1}},"line":15}},"branchMap":{},"s":{"0":1},"f":{"0":1},"b":{},"_coverageSchema":"1a1c01bbd47fc00a2c39e90264f33305004495a9","hash":"c49f2b2964155afdfb35a37e70419e95a99c776e"}
,"/Users/hemant/Desktop/TypescriptReactNative/src/screens/Welcome/constants.ts": {"path":"/Users/hemant/Desktop/TypescriptReactNative/src/screens/Welcome/constants.ts","statementMap":{"0":{"start":{"line":6,"column":27},"end":{"line":8,"column":1}}},"fnMap":{},"branchMap":{},"s":{"0":4},"f":{},"b":{},"_coverageSchema":"1a1c01bbd47fc00a2c39e90264f33305004495a9","hash":"e70b1e76c48ef084964eda616ea7d3047723cb1b"}
,"/Users/hemant/Desktop/TypescriptReactNative/src/screens/Welcome/index.tsx": {"path":"/Users/hemant/Desktop/TypescriptReactNative/src/screens/Welcome/index.tsx","statementMap":{"0":{"start":{"line":17,"column":26},"end":{"line":17,"column":39}},"1":{"start":{"line":19,"column":22},"end":{"line":22,"column":1}},"2":{"start":{"line":20,"column":18},"end":{"line":20,"column":59}},"3":{"start":{"line":21,"column":2},"end":{"line":21,"column":23}},"4":{"start":{"line":24,"column":16},"end":{"line":60,"column":1}},"5":{"start":{"line":25,"column":34},"end":{"line":25,"column":52}},"6":{"start":{"line":26,"column":19},"end":{"line":26,"column":32}},"7":{"start":{"line":28,"column":2},"end":{"line":30,"column":9}},"8":{"start":{"line":29,"column":4},"end":{"line":29,"column":20}},"9":{"start":{"line":32,"column":18},"end":{"line":38,"column":3}},"10":{"start":{"line":33,"column":4},"end":{"line":37,"column":5}},"11":{"start":{"line":34,"column":19},"end":{"line":34,"column":35}},"12":{"start":{"line":35,"column":6},"end":{"line":35,"column":38}},"13":{"start":{"line":36,"column":6},"end":{"line":36,"column":59}},"14":{"start":{"line":40,"column":2},"end":{"line":59,"column":4}},"15":{"start":{"line":48,"column":35},"end":{"line":48,"column":53}},"16":{"start":{"line":55,"column":25},"end":{"line":55,"column":34}},"17":{"start":{"line":64,"column":15},"end":{"line":70,"column":2}}},"fnMap":{"0":{"name":"(anonymous_0)","decl":{"start":{"line":19,"column":22},"end":{"line":19,"column":23}},"loc":{"start":{"line":19,"column":34},"end":{"line":22,"column":1}},"line":19},"1":{"name":"(anonymous_1)","decl":{"start":{"line":24,"column":16},"end":{"line":24,"column":17}},"loc":{"start":{"line":24,"column":41},"end":{"line":60,"column":1}},"line":24},"2":{"name":"(anonymous_2)","decl":{"start":{"line":28,"column":12},"end":{"line":28,"column":13}},"loc":{"start":{"line":28,"column":18},"end":{"line":30,"column":3}},"line":28},"3":{"name":"(anonymous_3)","decl":{"start":{"line":32,"column":18},"end":{"line":32,"column":19}},"loc":{"start":{"line":32,"column":24},"end":{"line":38,"column":3}},"line":32},"4":{"name":"(anonymous_4)","decl":{"start":{"line":48,"column":24},"end":{"line":48,"column":25}},"loc":{"start":{"line":48,"column":35},"end":{"line":48,"column":53}},"line":48},"5":{"name":"(anonymous_5)","decl":{"start":{"line":55,"column":19},"end":{"line":55,"column":20}},"loc":{"start":{"line":55,"column":25},"end":{"line":55,"column":34}},"line":55}},"branchMap":{"0":{"loc":{"start":{"line":33,"column":4},"end":{"line":37,"column":5}},"type":"if","locations":[{"start":{"line":33,"column":4},"end":{"line":37,"column":5}},{"start":{"line":33,"column":4},"end":{"line":37,"column":5}}],"line":33}},"s":{"0":2,"1":2,"2":1,"3":0,"4":2,"5":2,"6":2,"7":2,"8":1,"9":2,"10":0,"11":0,"12":0,"13":0,"14":2,"15":0,"16":0,"17":2},"f":{"0":1,"1":2,"2":1,"3":0,"4":0,"5":0},"b":{"0":[0,0]},"_coverageSchema":"1a1c01bbd47fc00a2c39e90264f33305004495a9","hash":"d4d4b3b38dd2e93aa80412a3014de0842f1f0f68"}
,"/Users/hemant/Desktop/TypescriptReactNative/src/screens/Welcome/reducer.ts": {"path":"/Users/hemant/Desktop/TypescriptReactNative/src/screens/Welcome/reducer.ts","statementMap":{"0":{"start":{"line":15,"column":32},"end":{"line":17,"column":1}},"1":{"start":{"line":20,"column":20},"end":{"line":32,"column":1}},"2":{"start":{"line":21,"column":2},"end":{"line":31,"column":3}},"3":{"start":{"line":23,"column":6},"end":{"line":26,"column":8}},"4":{"start":{"line":29,"column":6},"end":{"line":29,"column":19}}},"fnMap":{"0":{"name":"(anonymous_0)","decl":{"start":{"line":20,"column":20},"end":{"line":20,"column":21}},"loc":{"start":{"line":20,"column":71},"end":{"line":32,"column":1}},"line":20}},"branchMap":{"0":{"loc":{"start":{"line":20,"column":21},"end":{"line":20,"column":41}},"type":"default-arg","locations":[{"start":{"line":20,"column":29},"end":{"line":20,"column":41}}],"line":20},"1":{"loc":{"start":{"line":21,"column":2},"end":{"line":31,"column":3}},"type":"switch","locations":[{"start":{"line":22,"column":4},"end":{"line":26,"column":8}},{"start":{"line":28,"column":4},"end":{"line":30,"column":5}}],"line":21}},"s":{"0":3,"1":3,"2":9,"3":0,"4":9},"f":{"0":9},"b":{"0":[9],"1":[0,9]},"_coverageSchema":"1a1c01bbd47fc00a2c39e90264f33305004495a9","hash":"02d9d111fa16cd9a785fa33be2f724e248543075"}
,"/Users/hemant/Desktop/TypescriptReactNative/src/store/configure-store.ts": {"path":"/Users/hemant/Desktop/TypescriptReactNative/src/store/configure-store.ts","statementMap":{"0":{"start":{"line":13,"column":14},"end":{"line":13,"column":70}}},"fnMap":{},"branchMap":{},"s":{"0":3},"f":{},"b":{},"_coverageSchema":"1a1c01bbd47fc00a2c39e90264f33305004495a9","hash":"f4138ee59c315e001dbb564f6a7903b8d7b872ba"}
}
